# Logfile created on 2015-03-06 17:41:38 -0700 by logger.rb/1.2.8
2015-03-07T00:41:38.737Z 42733 TID-znnu9k INFO: Running in ruby 2.1.0p0 (2013-12-25 revision 44422) [x86_64-darwin12.0]
2015-03-07T00:41:38.737Z 42733 TID-znnu9k INFO: See LICENSE and the LGPL-3.0 for licensing details.
2015-03-07T00:41:38.737Z 42733 TID-znnu9k INFO: Upgrade to Sidekiq Pro for more features and support: http://sidekiq.org/pro
2015-03-07T00:41:38.778Z 42733 TID-zrty0k INFO: Booting Sidekiq 3.3.2 with redis options {}
2015-03-24T15:56:15.810Z 42733 TID-znnu9k INFO: Shutting down
2015-03-24T15:56:15.914Z 42733 TID-zod0bc ERROR: Error fetching message: Error connecting to Redis on 127.0.0.1:6379 (Errno::ECONNREFUSED)
2015-03-24T15:56:15.914Z 42733 TID-zod0bc ERROR: /Users/jpotts18/.rvm/gems/ruby-2.1.0/gems/redis-3.2.1/lib/redis/client.rb:331:in `rescue in establish_connection'
2015-03-24T15:56:15.914Z 42733 TID-zod0bc ERROR: /Users/jpotts18/.rvm/gems/ruby-2.1.0/gems/redis-3.2.1/lib/redis/client.rb:317:in `establish_connection'
2015-03-24T15:56:15.915Z 42733 TID-zod0bc ERROR: /Users/jpotts18/.rvm/gems/ruby-2.1.0/gems/redis-3.2.1/lib/redis/client.rb:94:in `block in connect'
2015-03-24T15:56:15.915Z 42733 TID-zod0bc ERROR: /Users/jpotts18/.rvm/gems/ruby-2.1.0/gems/redis-3.2.1/lib/redis/client.rb:279:in `with_reconnect'
2015-03-24T15:56:15.915Z 42733 TID-zod0bc ERROR: /Users/jpotts18/.rvm/gems/ruby-2.1.0/gems/redis-3.2.1/lib/redis/client.rb:93:in `connect'
2015-03-24T15:56:15.915Z 42733 TID-zod0bc ERROR: /Users/jpotts18/.rvm/gems/ruby-2.1.0/gems/redis-3.2.1/lib/redis/client.rb:350:in `ensure_connected'
2015-03-24T15:56:15.915Z 42733 TID-zod0bc ERROR: /Users/jpotts18/.rvm/gems/ruby-2.1.0/gems/redis-3.2.1/lib/redis/client.rb:207:in `block in process'
2015-03-24T15:56:15.915Z 42733 TID-zod0bc ERROR: /Users/jpotts18/.rvm/gems/ruby-2.1.0/gems/redis-3.2.1/lib/redis/client.rb:292:in `logging'
2015-03-24T15:56:15.915Z 42733 TID-zod0bc ERROR: /Users/jpotts18/.rvm/gems/ruby-2.1.0/gems/redis-3.2.1/lib/redis/client.rb:206:in `process'
2015-03-24T15:56:15.915Z 42733 TID-zod0bc ERROR: /Users/jpotts18/.rvm/gems/ruby-2.1.0/gems/redis-3.2.1/lib/redis/client.rb:112:in `call'
2015-03-24T15:56:15.915Z 42733 TID-zod0bc ERROR: /Users/jpotts18/.rvm/gems/ruby-2.1.0/gems/redis-3.2.1/lib/redis/client.rb:195:in `block in call_with_timeout'
2015-03-24T15:56:15.915Z 42733 TID-zod0bc ERROR: /Users/jpotts18/.rvm/gems/ruby-2.1.0/gems/redis-3.2.1/lib/redis/client.rb:266:in `with_socket_timeout'
2015-03-24T15:56:15.916Z 42733 TID-zod0bc ERROR: /Users/jpotts18/.rvm/gems/ruby-2.1.0/gems/redis-3.2.1/lib/redis/client.rb:194:in `call_with_timeout'
2015-03-24T15:56:15.916Z 42733 TID-zod0bc ERROR: /Users/jpotts18/.rvm/gems/ruby-2.1.0/gems/redis-3.2.1/lib/redis.rb:1064:in `block in _bpop'
2015-03-24T15:56:15.916Z 42733 TID-zod0bc ERROR: /Users/jpotts18/.rvm/gems/ruby-2.1.0/gems/redis-3.2.1/lib/redis.rb:37:in `block in synchronize'
2015-03-24T15:56:15.916Z 42733 TID-zod0bc ERROR: /Users/jpotts18/.rvm/rubies/ruby-2.1.0/lib/ruby/2.1.0/monitor.rb:211:in `mon_synchronize'
2015-03-24T15:56:15.916Z 42733 TID-zod0bc ERROR: /Users/jpotts18/.rvm/gems/ruby-2.1.0/gems/redis-3.2.1/lib/redis.rb:37:in `synchronize'
2015-03-24T15:56:15.916Z 42733 TID-zod0bc ERROR: /Users/jpotts18/.rvm/gems/ruby-2.1.0/gems/redis-3.2.1/lib/redis.rb:1061:in `_bpop'
2015-03-24T15:56:15.916Z 42733 TID-zod0bc ERROR: /Users/jpotts18/.rvm/gems/ruby-2.1.0/gems/redis-3.2.1/lib/redis.rb:1106:in `brpop'
2015-03-24T15:56:15.916Z 42733 TID-zod0bc ERROR: /Users/jpotts18/.rvm/gems/ruby-2.1.0/gems/sidekiq-3.3.2/lib/sidekiq/fetch.rb:102:in `block in retrieve_work'
2015-03-24T15:56:15.916Z 42733 TID-zod0bc ERROR: /Users/jpotts18/.rvm/gems/ruby-2.1.0/gems/connection_pool-2.1.1/lib/connection_pool.rb:62:in `with'
2015-03-24T15:56:15.917Z 42733 TID-zod0bc ERROR: /Users/jpotts18/.rvm/gems/ruby-2.1.0/gems/sidekiq-3.3.2/lib/sidekiq.rb:74:in `redis'
2015-03-24T15:56:15.917Z 42733 TID-zod0bc ERROR: /Users/jpotts18/.rvm/gems/ruby-2.1.0/gems/sidekiq-3.3.2/lib/sidekiq/fetch.rb:102:in `retrieve_work'
2015-03-24T15:56:15.917Z 42733 TID-zod0bc ERROR: /Users/jpotts18/.rvm/gems/ruby-2.1.0/gems/sidekiq-3.3.2/lib/sidekiq/fetch.rb:37:in `block in fetch'
2015-03-24T15:56:15.917Z 42733 TID-zod0bc ERROR: /Users/jpotts18/.rvm/gems/ruby-2.1.0/gems/sidekiq-3.3.2/lib/sidekiq/util.rb:16:in `watchdog'
2015-03-24T15:56:15.917Z 42733 TID-zod0bc ERROR: /Users/jpotts18/.rvm/gems/ruby-2.1.0/gems/sidekiq-3.3.2/lib/sidekiq/fetch.rb:33:in `fetch'
2015-03-24T15:56:15.918Z 42733 TID-zod0bc ERROR: /Users/jpotts18/.rvm/gems/ruby-2.1.0/gems/sidekiq-3.3.2/lib/sidekiq/fetch.rb:44:in `block (2 levels) in fetch'
2015-03-24T15:56:15.918Z 42733 TID-zod0bc ERROR: /Users/jpotts18/.rvm/gems/ruby-2.1.0/gems/celluloid-0.16.0/lib/celluloid/actor.rb:357:in `block in task'
2015-03-24T15:56:15.918Z 42733 TID-zod0bc ERROR: /Users/jpotts18/.rvm/gems/ruby-2.1.0/gems/celluloid-0.16.0/lib/celluloid/tasks.rb:57:in `block in initialize'
2015-03-24T15:56:15.918Z 42733 TID-zod0bc ERROR: /Users/jpotts18/.rvm/gems/ruby-2.1.0/gems/celluloid-0.16.0/lib/celluloid/tasks/task_fiber.rb:15:in `block in create'
2015-03-24T15:56:15.920Z 42733 TID-zrty0k INFO: Terminating 25 quiet workers
2015-03-24T15:56:15.928Z 42733 TID-zrtc0w WARN: {:context=>"Launcher#stop"}
2015-03-24T15:56:15.929Z 42733 TID-zrtc0w WARN: Error connecting to Redis on 127.0.0.1:6379 (Errno::ECONNREFUSED)
2015-03-24T15:56:15.929Z 42733 TID-zrtc0w WARN: /Users/jpotts18/.rvm/gems/ruby-2.1.0/gems/redis-3.2.1/lib/redis/client.rb:331:in `rescue in establish_connection'
/Users/jpotts18/.rvm/gems/ruby-2.1.0/gems/redis-3.2.1/lib/redis/client.rb:317:in `establish_connection'
/Users/jpotts18/.rvm/gems/ruby-2.1.0/gems/redis-3.2.1/lib/redis/client.rb:94:in `block in connect'
/Users/jpotts18/.rvm/gems/ruby-2.1.0/gems/redis-3.2.1/lib/redis/client.rb:279:in `with_reconnect'
/Users/jpotts18/.rvm/gems/ruby-2.1.0/gems/redis-3.2.1/lib/redis/client.rb:93:in `connect'
/Users/jpotts18/.rvm/gems/ruby-2.1.0/gems/redis-3.2.1/lib/redis/client.rb:350:in `ensure_connected'
/Users/jpotts18/.rvm/gems/ruby-2.1.0/gems/redis-3.2.1/lib/redis/client.rb:207:in `block in process'
/Users/jpotts18/.rvm/gems/ruby-2.1.0/gems/redis-3.2.1/lib/redis/client.rb:292:in `logging'
/Users/jpotts18/.rvm/gems/ruby-2.1.0/gems/redis-3.2.1/lib/redis/client.rb:206:in `process'
/Users/jpotts18/.rvm/gems/ruby-2.1.0/gems/redis-3.2.1/lib/redis/client.rb:177:in `call_pipelined'
/Users/jpotts18/.rvm/gems/ruby-2.1.0/gems/redis-3.2.1/lib/redis/client.rb:149:in `block in call_pipeline'
/Users/jpotts18/.rvm/gems/ruby-2.1.0/gems/redis-3.2.1/lib/redis/client.rb:279:in `with_reconnect'
/Users/jpotts18/.rvm/gems/ruby-2.1.0/gems/redis-3.2.1/lib/redis/client.rb:147:in `call_pipeline'
/Users/jpotts18/.rvm/gems/ruby-2.1.0/gems/redis-3.2.1/lib/redis.rb:2136:in `block in pipelined'
/Users/jpotts18/.rvm/gems/ruby-2.1.0/gems/redis-3.2.1/lib/redis.rb:37:in `block in synchronize'
/Users/jpotts18/.rvm/rubies/ruby-2.1.0/lib/ruby/2.1.0/monitor.rb:211:in `mon_synchronize'
/Users/jpotts18/.rvm/gems/ruby-2.1.0/gems/redis-3.2.1/lib/redis.rb:37:in `synchronize'
/Users/jpotts18/.rvm/gems/ruby-2.1.0/gems/redis-3.2.1/lib/redis.rb:2132:in `pipelined'
/Users/jpotts18/.rvm/gems/ruby-2.1.0/gems/sidekiq-3.3.2/lib/sidekiq/launcher.rb:88:in `block in stop_heartbeat'
/Users/jpotts18/.rvm/gems/ruby-2.1.0/gems/connection_pool-2.1.1/lib/connection_pool.rb:62:in `with'
/Users/jpotts18/.rvm/gems/ruby-2.1.0/gems/sidekiq-3.3.2/lib/sidekiq.rb:74:in `redis'
/Users/jpotts18/.rvm/gems/ruby-2.1.0/gems/sidekiq-3.3.2/lib/sidekiq/launcher.rb:87:in `stop_heartbeat'
/Users/jpotts18/.rvm/gems/ruby-2.1.0/gems/sidekiq-3.3.2/lib/sidekiq/launcher.rb:62:in `block in stop'
/Users/jpotts18/.rvm/gems/ruby-2.1.0/gems/sidekiq-3.3.2/lib/sidekiq/util.rb:16:in `watchdog'
/Users/jpotts18/.rvm/gems/ruby-2.1.0/gems/sidekiq-3.3.2/lib/sidekiq/launcher.rb:48:in `stop'
/Users/jpotts18/.rvm/gems/ruby-2.1.0/gems/celluloid-0.16.0/lib/celluloid/calls.rb:26:in `public_send'
/Users/jpotts18/.rvm/gems/ruby-2.1.0/gems/celluloid-0.16.0/lib/celluloid/calls.rb:26:in `dispatch'
/Users/jpotts18/.rvm/gems/ruby-2.1.0/gems/celluloid-0.16.0/lib/celluloid/calls.rb:63:in `dispatch'
/Users/jpotts18/.rvm/gems/ruby-2.1.0/gems/celluloid-0.16.0/lib/celluloid/cell.rb:60:in `block in invoke'
/Users/jpotts18/.rvm/gems/ruby-2.1.0/gems/celluloid-0.16.0/lib/celluloid/cell.rb:71:in `block in task'
/Users/jpotts18/.rvm/gems/ruby-2.1.0/gems/celluloid-0.16.0/lib/celluloid/actor.rb:357:in `block in task'
/Users/jpotts18/.rvm/gems/ruby-2.1.0/gems/celluloid-0.16.0/lib/celluloid/tasks.rb:57:in `block in initialize'
/Users/jpotts18/.rvm/gems/ruby-2.1.0/gems/celluloid-0.16.0/lib/celluloid/tasks/task_fiber.rb:15:in `block in create'
Error connecting to Redis on 127.0.0.1:6379 (Errno::ECONNREFUSED)
/Users/jpotts18/.rvm/gems/ruby-2.1.0/gems/redis-3.2.1/lib/redis/client.rb:331:in `rescue in establish_connection'
/Users/jpotts18/.rvm/gems/ruby-2.1.0/gems/redis-3.2.1/lib/redis/client.rb:317:in `establish_connection'
/Users/jpotts18/.rvm/gems/ruby-2.1.0/gems/redis-3.2.1/lib/redis/client.rb:94:in `block in connect'
/Users/jpotts18/.rvm/gems/ruby-2.1.0/gems/redis-3.2.1/lib/redis/client.rb:279:in `with_reconnect'
/Users/jpotts18/.rvm/gems/ruby-2.1.0/gems/redis-3.2.1/lib/redis/client.rb:93:in `connect'
/Users/jpotts18/.rvm/gems/ruby-2.1.0/gems/redis-3.2.1/lib/redis/client.rb:350:in `ensure_connected'
/Users/jpotts18/.rvm/gems/ruby-2.1.0/gems/redis-3.2.1/lib/redis/client.rb:207:in `block in process'
/Users/jpotts18/.rvm/gems/ruby-2.1.0/gems/redis-3.2.1/lib/redis/client.rb:292:in `logging'
/Users/jpotts18/.rvm/gems/ruby-2.1.0/gems/redis-3.2.1/lib/redis/client.rb:206:in `process'
/Users/jpotts18/.rvm/gems/ruby-2.1.0/gems/redis-3.2.1/lib/redis/client.rb:177:in `call_pipelined'
/Users/jpotts18/.rvm/gems/ruby-2.1.0/gems/redis-3.2.1/lib/redis/client.rb:149:in `block in call_pipeline'
/Users/jpotts18/.rvm/gems/ruby-2.1.0/gems/redis-3.2.1/lib/redis/client.rb:279:in `with_reconnect'
/Users/jpotts18/.rvm/gems/ruby-2.1.0/gems/redis-3.2.1/lib/redis/client.rb:147:in `call_pipeline'
/Users/jpotts18/.rvm/gems/ruby-2.1.0/gems/redis-3.2.1/lib/redis.rb:2136:in `block in pipelined'
/Users/jpotts18/.rvm/gems/ruby-2.1.0/gems/redis-3.2.1/lib/redis.rb:37:in `block in synchronize'
/Users/jpotts18/.rvm/rubies/ruby-2.1.0/lib/ruby/2.1.0/monitor.rb:211:in `mon_synchronize'
/Users/jpotts18/.rvm/gems/ruby-2.1.0/gems/redis-3.2.1/lib/redis.rb:37:in `synchronize'
/Users/jpotts18/.rvm/gems/ruby-2.1.0/gems/redis-3.2.1/lib/redis.rb:2132:in `pipelined'
/Users/jpotts18/.rvm/gems/ruby-2.1.0/gems/sidekiq-3.3.2/lib/sidekiq/launcher.rb:88:in `block in stop_heartbeat'
/Users/jpotts18/.rvm/gems/ruby-2.1.0/gems/connection_pool-2.1.1/lib/connection_pool.rb:62:in `with'
/Users/jpotts18/.rvm/gems/ruby-2.1.0/gems/sidekiq-3.3.2/lib/sidekiq.rb:74:in `redis'
/Users/jpotts18/.rvm/gems/ruby-2.1.0/gems/sidekiq-3.3.2/lib/sidekiq/launcher.rb:87:in `stop_heartbeat'
/Users/jpotts18/.rvm/gems/ruby-2.1.0/gems/sidekiq-3.3.2/lib/sidekiq/launcher.rb:62:in `block in stop'
/Users/jpotts18/.rvm/gems/ruby-2.1.0/gems/sidekiq-3.3.2/lib/sidekiq/util.rb:16:in `watchdog'
/Users/jpotts18/.rvm/gems/ruby-2.1.0/gems/sidekiq-3.3.2/lib/sidekiq/launcher.rb:48:in `stop'
/Users/jpotts18/.rvm/gems/ruby-2.1.0/gems/celluloid-0.16.0/lib/celluloid/calls.rb:26:in `public_send'
/Users/jpotts18/.rvm/gems/ruby-2.1.0/gems/celluloid-0.16.0/lib/celluloid/calls.rb:26:in `dispatch'
/Users/jpotts18/.rvm/gems/ruby-2.1.0/gems/celluloid-0.16.0/lib/celluloid/calls.rb:63:in `dispatch'
/Users/jpotts18/.rvm/gems/ruby-2.1.0/gems/celluloid-0.16.0/lib/celluloid/cell.rb:60:in `block in invoke'
/Users/jpotts18/.rvm/gems/ruby-2.1.0/gems/celluloid-0.16.0/lib/celluloid/cell.rb:71:in `block in task'
/Users/jpotts18/.rvm/gems/ruby-2.1.0/gems/celluloid-0.16.0/lib/celluloid/actor.rb:357:in `block in task'
/Users/jpotts18/.rvm/gems/ruby-2.1.0/gems/celluloid-0.16.0/lib/celluloid/tasks.rb:57:in `block in initialize'
/Users/jpotts18/.rvm/gems/ruby-2.1.0/gems/celluloid-0.16.0/lib/celluloid/tasks/task_fiber.rb:15:in `block in create'
(celluloid):0:in `remote procedure call'
/Users/jpotts18/.rvm/gems/ruby-2.1.0/gems/celluloid-0.16.0/lib/celluloid/calls.rb:92:in `value'
/Users/jpotts18/.rvm/gems/ruby-2.1.0/gems/celluloid-0.16.0/lib/celluloid/proxies/sync_proxy.rb:33:in `method_missing'
/Users/jpotts18/.rvm/gems/ruby-2.1.0/gems/sidekiq-3.3.2/lib/sidekiq/cli.rb:87:in `rescue in run'
/Users/jpotts18/.rvm/gems/ruby-2.1.0/gems/sidekiq-3.3.2/lib/sidekiq/cli.rb:78:in `run'
/Users/jpotts18/.rvm/gems/ruby-2.1.0/gems/sidekiq-3.3.2/bin/sidekiq:8:in `<top (required)>'
/Users/jpotts18/.rvm/gems/ruby-2.1.0/bin/sidekiq:23:in `load'
/Users/jpotts18/.rvm/gems/ruby-2.1.0/bin/sidekiq:23:in `<main>'
/Users/jpotts18/.rvm/gems/ruby-2.1.0/bin/ruby_executable_hooks:15:in `eval'
/Users/jpotts18/.rvm/gems/ruby-2.1.0/bin/ruby_executable_hooks:15:in `<main>'
